<?xml version="1.0" encoding="UTF-8"?>
<testng-results ignored="0" total="1" passed="1" failed="0" skipped="0">
  <reporter-output>
  </reporter-output>
  <suite started-at="2025-07-01T13:30:01 IST" name="Default suite" finished-at="2025-07-01T13:30:10 IST" duration-ms="9273">
    <groups>
    </groups>
    <test started-at="2025-07-01T13:30:01 IST" name="Default test" finished-at="2025-07-01T13:30:10 IST" duration-ms="9273">
      <class name="apperalandshpe.TC_DWS_030_Test">
        <test-method is-config="true" signature="reportConfig()[pri:0, instance:apperalandshpe.TC_DWS_030_Test@7161d8d1]" started-at="2025-07-01T13:30:00 IST" name="reportConfig" finished-at="2025-07-01T13:30:01 IST" duration-ms="244" status="PASS">
          <reporter-output>
          </reporter-output>
        </test-method> <!-- reportConfig -->
        <test-method is-config="true" signature="openBrowser()[pri:0, instance:apperalandshpe.TC_DWS_030_Test@7161d8d1]" started-at="2025-07-01T13:30:01 IST" name="openBrowser" finished-at="2025-07-01T13:30:05 IST" duration-ms="4943" status="PASS">
          <reporter-output>
          </reporter-output>
        </test-method> <!-- openBrowser -->
        <test-method is-config="true" signature="login()[pri:0, instance:apperalandshpe.TC_DWS_030_Test@7161d8d1]" started-at="2025-07-01T13:30:05 IST" name="login" finished-at="2025-07-01T13:30:07 IST" duration-ms="1825" status="PASS">
          <reporter-output>
          </reporter-output>
        </test-method> <!-- login -->
        <test-method signature="clickonApperalAndShoe()[pri:0, instance:apperalandshpe.TC_DWS_030_Test@7161d8d1]" started-at="2025-07-01T13:30:07 IST" name="clickonApperalAndShoe" finished-at="2025-07-01T13:30:08 IST" duration-ms="1056" status="PASS">
          <reporter-output>
          </reporter-output>
        </test-method> <!-- clickonApperalAndShoe -->
        <test-method is-config="true" signature="logout()[pri:0, instance:apperalandshpe.TC_DWS_030_Test@7161d8d1]" started-at="2025-07-01T13:30:08 IST" name="logout" finished-at="2025-07-01T13:30:10 IST" duration-ms="1116" status="PASS">
          <reporter-output>
          </reporter-output>
        </test-method> <!-- logout -->
        <test-method is-config="true" signature="closeBrower()[pri:0, instance:apperalandshpe.TC_DWS_030_Test@7161d8d1]" started-at="2025-07-01T13:30:10 IST" name="closeBrower" finished-at="2025-07-01T13:30:10 IST" duration-ms="224" status="PASS">
          <reporter-output>
          </reporter-output>
        </test-method> <!-- closeBrower -->
        <test-method is-config="true" signature="reportBackup()[pri:0, instance:apperalandshpe.TC_DWS_030_Test@7161d8d1]" started-at="2025-07-01T13:30:10 IST" name="reportBackup" finished-at="2025-07-01T13:30:11 IST" duration-ms="1332" status="PASS">
          <reporter-output>
          </reporter-output>
        </test-method> <!-- reportBackup -->
      </class> <!-- apperalandshpe.TC_DWS_030_Test -->
    </test> <!-- Default test -->
  </suite> <!-- Default suite -->
</testng-results>
